\BOOKMARK [1][-]{section.1}{\376\377\000I\000n\000t\000r\000o\000d\000u\000c\000t\000i\000o\000n}{}% 1
\BOOKMARK [2][-]{subsection.1.1}{\376\377\000B\000a\000c\000k\000g\000r\000o\000u\000n\000d\000\040\000a\000n\000d\000\040\000C\000o\000n\000t\000e\000x\000t}{section.1}% 2
\BOOKMARK [2][-]{subsection.1.2}{\376\377\000P\000r\000o\000b\000l\000e\000m\000\040\000D\000e\000f\000i\000n\000i\000t\000i\000o\000n}{section.1}% 3
\BOOKMARK [2][-]{subsection.1.3}{\376\377\000M\000o\000t\000i\000v\000a\000t\000i\000o\000n}{section.1}% 4
\BOOKMARK [2][-]{subsection.1.4}{\376\377\000T\000e\000a\000m\000\040\000a\000n\000d\000\040\000R\000o\000l\000e\000s}{section.1}% 5
\BOOKMARK [2][-]{subsection.1.5}{\376\377\000R\000e\000p\000o\000r\000t\000\040\000O\000u\000t\000l\000i\000n\000e}{section.1}% 6
\BOOKMARK [1][-]{section.2}{\376\377\000P\000r\000o\000j\000e\000c\000t\000\040\000O\000b\000j\000e\000c\000t\000i\000v\000e\000s\000\040\000a\000n\000d\000\040\000S\000c\000o\000p\000e}{}% 7
\BOOKMARK [2][-]{subsection.2.1}{\376\377\000P\000r\000o\000j\000e\000c\000t\000\040\000G\000o\000a\000l\000s}{section.2}% 8
\BOOKMARK [2][-]{subsection.2.2}{\376\377\000S\000c\000o\000p\000e\000\040\000a\000n\000d\000\040\000L\000i\000m\000i\000t\000a\000t\000i\000o\000n\000s}{section.2}% 9
\BOOKMARK [2][-]{subsection.2.3}{\376\377\000B\000r\000o\000a\000d\000e\000r\000\040\000C\000o\000n\000t\000e\000x\000t\000\040\000a\000n\000d\000\040\000R\000e\000l\000e\000v\000a\000n\000c\000e}{section.2}% 10
\BOOKMARK [1][-]{section.3}{\376\377\000D\000a\000t\000a\000\040\000S\000t\000r\000a\000t\000e\000g\000y\000\040\000a\000n\000d\000\040\000M\000a\000n\000a\000g\000e\000m\000e\000n\000t}{}% 11
\BOOKMARK [2][-]{subsection.3.1}{\376\377\000D\000a\000t\000a\000\040\000S\000o\000u\000r\000c\000e\000s\000\040\000a\000n\000d\000\040\000D\000e\000s\000c\000r\000i\000p\000t\000i\000o\000n}{section.3}% 12
\BOOKMARK [2][-]{subsection.3.2}{\376\377\000D\000a\000t\000a\000\040\000C\000o\000l\000l\000e\000c\000t\000i\000o\000n\000\040\000a\000n\000d\000\040\000P\000r\000e\000p\000r\000o\000c\000e\000s\000s\000i\000n\000g}{section.3}% 13
\BOOKMARK [2][-]{subsection.3.3}{\376\377\000D\000a\000t\000a\000\040\000Q\000u\000a\000l\000i\000t\000y\000\040\000a\000n\000d\000\040\000C\000l\000e\000a\000n\000i\000n\000g}{section.3}% 14
\BOOKMARK [2][-]{subsection.3.4}{\376\377\000D\000a\000t\000a\000\040\000S\000t\000r\000a\000t\000e\000g\000y\000\040\000F\000r\000a\000m\000e\000w\000o\000r\000k}{section.3}% 15
\BOOKMARK [2][-]{subsection.3.5}{\376\377\000T\000o\000o\000l\000s\000\040\000a\000n\000d\000\040\000T\000e\000c\000h\000n\000o\000l\000o\000g\000i\000e\000s\000\040\000U\000s\000e\000d}{section.3}% 16
\BOOKMARK [1][-]{section.4}{\376\377\000M\000e\000t\000h\000o\000d\000s\000\040\000a\000n\000d\000\040\000M\000o\000d\000e\000l\000i\000n\000g}{}% 17
\BOOKMARK [2][-]{subsection.4.1}{\376\377\000A\000n\000a\000l\000y\000t\000i\000c\000a\000l\000\040\000A\000p\000p\000r\000o\000a\000c\000h}{section.4}% 18
\BOOKMARK [2][-]{subsection.4.2}{\376\377\000M\000o\000d\000e\000l\000i\000n\000g\000\040\000T\000e\000c\000h\000n\000i\000q\000u\000e\000s\000\040\000a\000n\000d\000\040\000A\000l\000g\000o\000r\000i\000t\000h\000m\000s}{section.4}% 19
\BOOKMARK [2][-]{subsection.4.3}{\376\377\000M\000o\000d\000e\000l\000\040\000T\000r\000a\000i\000n\000i\000n\000g\000\040\000a\000n\000d\000\040\000V\000a\000l\000i\000d\000a\000t\000i\000o\000n}{section.4}% 20
\BOOKMARK [2][-]{subsection.4.4}{\376\377\000I\000n\000t\000e\000r\000p\000r\000e\000t\000a\000b\000i\000l\000i\000t\000y\000\040\000a\000n\000d\000\040\000E\000x\000p\000l\000a\000i\000n\000a\000b\000i\000l\000i\000t\000y}{section.4}% 21
\BOOKMARK [2][-]{subsection.4.5}{\376\377\000L\000i\000m\000i\000t\000a\000t\000i\000o\000n\000s\000\040\000o\000f\000\040\000M\000e\000t\000h\000o\000d\000s}{section.4}% 22
\BOOKMARK [1][-]{section.5}{\376\377\000A\000n\000a\000l\000y\000s\000i\000s\000\040\000a\000n\000d\000\040\000R\000e\000s\000u\000l\000t\000s}{}% 23
\BOOKMARK [2][-]{subsection.5.1}{\376\377\000E\000x\000p\000l\000o\000r\000a\000t\000o\000r\000y\000\040\000D\000a\000t\000a\000\040\000A\000n\000a\000l\000y\000s\000i\000s}{section.5}% 24
\BOOKMARK [2][-]{subsection.5.2}{\376\377\000M\000o\000d\000e\000l\000\040\000P\000e\000r\000f\000o\000r\000m\000a\000n\000c\000e\000\040\000R\000e\000s\000u\000l\000t\000s}{section.5}% 25
\BOOKMARK [3][-]{subsubsection.5.2.1}{\376\377\000A\000l\000c\000o\000h\000o\000l\000\040\000C\000o\000n\000s\000u\000m\000p\000t\000i\000o\000n\000\040\000P\000r\000e\000d\000i\000c\000t\000i\000o\000n}{subsection.5.2}% 26
\BOOKMARK [3][-]{subsubsection.5.2.2}{\376\377\000S\000m\000o\000k\000i\000n\000g\000\040\000S\000t\000a\000t\000u\000s\000\040\000P\000r\000e\000d\000i\000c\000t\000i\000o\000n}{subsection.5.2}% 27
\BOOKMARK [2][-]{subsection.5.3}{\376\377\000F\000e\000a\000t\000u\000r\000e\000\040\000I\000m\000p\000o\000r\000t\000a\000n\000c\000e\000\040\000A\000n\000a\000l\000y\000s\000i\000s}{section.5}% 28
\BOOKMARK [3][-]{subsubsection.5.3.1}{\376\377\000A\000l\000c\000o\000h\000o\000l\000\040\000C\000o\000n\000s\000u\000m\000p\000t\000i\000o\000n\000\040\000P\000r\000e\000d\000i\000c\000t\000i\000o\000n}{subsection.5.3}% 29
\BOOKMARK [3][-]{subsubsection.5.3.2}{\376\377\000S\000m\000o\000k\000i\000n\000g\000\040\000S\000t\000a\000t\000u\000s\000\040\000P\000r\000e\000d\000i\000c\000t\000i\000o\000n}{subsection.5.3}% 30
\BOOKMARK [2][-]{subsection.5.4}{\376\377\000I\000n\000t\000e\000r\000p\000r\000e\000t\000a\000t\000i\000o\000n\000\040\000o\000f\000\040\000F\000i\000n\000d\000i\000n\000g\000s}{section.5}% 31
\BOOKMARK [3][-]{subsubsection.5.4.1}{\376\377\000R\000o\000l\000e\000\040\000o\000f\000\040\000D\000e\000m\000o\000g\000r\000a\000p\000h\000i\000c\000\040\000F\000e\000a\000t\000u\000r\000e\000s}{subsection.5.4}% 32
\BOOKMARK [3][-]{subsubsection.5.4.2}{\376\377\000I\000m\000p\000a\000c\000t\000\040\000o\000f\000\040\000F\000e\000a\000t\000u\000r\000e\000\040\000E\000n\000g\000i\000n\000e\000e\000r\000i\000n\000g}{subsection.5.4}% 33
\BOOKMARK [2][-]{subsection.5.5}{\376\377\000B\000e\000n\000c\000h\000m\000a\000r\000k\000i\000n\000g\000\040\000a\000n\000d\000\040\000C\000o\000m\000p\000a\000r\000i\000s\000o\000n\000s}{section.5}% 34
\BOOKMARK [3][-]{subsubsection.5.5.1}{\376\377\000C\000r\000o\000s\000s\000-\000A\000l\000g\000o\000r\000i\000t\000h\000m\000\040\000P\000e\000r\000f\000o\000r\000m\000a\000n\000c\000e\000\040\000C\000o\000m\000p\000a\000r\000i\000s\000o\000n}{subsection.5.5}% 35
\BOOKMARK [3][-]{subsubsection.5.5.2}{\376\377\000F\000e\000a\000t\000u\000r\000e\000\040\000I\000m\000p\000o\000r\000t\000a\000n\000c\000e\000\040\000C\000o\000n\000s\000e\000n\000s\000u\000s\000\040\000A\000n\000a\000l\000y\000s\000i\000s}{subsection.5.5}% 36
\BOOKMARK [3][-]{subsubsection.5.5.3}{\376\377\000C\000l\000i\000n\000i\000c\000a\000l\000\040\000V\000a\000l\000i\000d\000a\000t\000i\000o\000n}{subsection.5.5}% 37
\BOOKMARK [2][-]{subsection.5.6}{\376\377\000B\000u\000s\000i\000n\000e\000s\000s\000\040\000o\000r\000\040\000S\000c\000i\000e\000n\000t\000i\000f\000i\000c\000\040\000I\000m\000p\000l\000i\000c\000a\000t\000i\000o\000n\000s}{section.5}% 38
\BOOKMARK [3][-]{subsubsection.5.6.1}{\376\377\000C\000l\000i\000n\000i\000c\000a\000l\000\040\000V\000a\000l\000u\000e}{subsection.5.6}% 39
\BOOKMARK [3][-]{subsubsection.5.6.2}{\376\377\000P\000u\000b\000l\000i\000c\000\040\000H\000e\000a\000l\000t\000h\000\040\000I\000m\000p\000l\000i\000c\000a\000t\000i\000o\000n\000s}{subsection.5.6}% 40
\BOOKMARK [3][-]{subsubsection.5.6.3}{\376\377\000S\000c\000i\000e\000n\000t\000i\000f\000i\000c\000\040\000C\000o\000n\000t\000r\000i\000b\000u\000t\000i\000o\000n\000s}{subsection.5.6}% 41
\BOOKMARK [1][-]{section.6}{\376\377\000R\000e\000c\000o\000m\000m\000e\000n\000d\000a\000t\000i\000o\000n\000s\000\040\000a\000n\000d\000\040\000D\000e\000p\000l\000o\000y\000m\000e\000n\000t}{}% 42
\BOOKMARK [2][-]{subsection.6.1}{\376\377\000R\000e\000c\000o\000m\000m\000e\000n\000d\000a\000t\000i\000o\000n\000s\000\040\000a\000n\000d\000\040\000A\000c\000t\000i\000o\000n\000\040\000P\000l\000a\000n\000s}{section.6}% 43
\BOOKMARK [3][-]{subsubsection.6.1.1}{\376\377\000H\000e\000a\000l\000t\000h\000c\000a\000r\000e\000\040\000P\000r\000o\000v\000i\000d\000e\000r\000s\000\040\000a\000n\000d\000\040\000C\000l\000i\000n\000i\000c\000i\000a\000n\000s}{subsection.6.1}% 44
\BOOKMARK [3][-]{subsubsection.6.1.2}{\376\377\000P\000u\000b\000l\000i\000c\000\040\000H\000e\000a\000l\000t\000h\000\040\000I\000n\000s\000t\000i\000t\000u\000t\000i\000o\000n\000s}{subsection.6.1}% 45
\BOOKMARK [3][-]{subsubsection.6.1.3}{\376\377\000H\000o\000s\000p\000i\000t\000a\000l\000\040\000A\000d\000m\000i\000n\000i\000s\000t\000r\000a\000t\000o\000r\000s\000\040\000a\000n\000d\000\040\000H\000e\000a\000l\000t\000h\000\040\000S\000y\000s\000t\000e\000m\000s}{subsection.6.1}% 46
\BOOKMARK [3][-]{subsubsection.6.1.4}{\376\377\000R\000e\000s\000e\000a\000r\000c\000h\000e\000r\000s}{subsection.6.1}% 47
\BOOKMARK [2][-]{subsection.6.2}{\376\377\000D\000e\000p\000l\000o\000y\000m\000e\000n\000t\000\040\000S\000t\000r\000a\000t\000e\000g\000y}{section.6}% 48
\BOOKMARK [3][-]{subsubsection.6.2.1}{\376\377\000P\000h\000a\000s\000e\000\040\0001\000:\000\040\000P\000i\000l\000o\000t\000\040\000I\000m\000p\000l\000e\000m\000e\000n\000t\000a\000t\000i\000o\000n\000\040\000\050\000M\000o\000n\000t\000h\000s\000\040\0001\000-\0003\000\051}{subsection.6.2}% 49
\BOOKMARK [3][-]{subsubsection.6.2.2}{\376\377\000P\000h\000a\000s\000e\000\040\0002\000:\000\040\000E\000x\000p\000a\000n\000d\000e\000d\000\040\000D\000e\000p\000l\000o\000y\000m\000e\000n\000t\000\040\000\050\000M\000o\000n\000t\000h\000s\000\040\0004\000-\0009\000\051}{subsection.6.2}% 50
\BOOKMARK [3][-]{subsubsection.6.2.3}{\376\377\000P\000h\000a\000s\000e\000\040\0003\000:\000\040\000F\000u\000l\000l\000\040\000P\000r\000o\000d\000u\000c\000t\000i\000o\000n\000\040\000D\000e\000p\000l\000o\000y\000m\000e\000n\000t\000\040\000\050\000M\000o\000n\000t\000h\000s\000\040\0001\0000\000-\0001\0002\000\051}{subsection.6.2}% 51
\BOOKMARK [3][-]{subsubsection.6.2.4}{\376\377\000T\000e\000c\000h\000n\000i\000c\000a\000l\000\040\000I\000n\000f\000r\000a\000s\000t\000r\000u\000c\000t\000u\000r\000e}{subsection.6.2}% 52
\BOOKMARK [2][-]{subsection.6.3}{\376\377\000I\000m\000p\000l\000e\000m\000e\000n\000t\000a\000t\000i\000o\000n\000\040\000R\000o\000a\000d\000m\000a\000p}{section.6}% 53
\BOOKMARK [2][-]{subsection.6.4}{\376\377\000L\000i\000m\000i\000t\000a\000t\000i\000o\000n\000s\000\040\000a\000n\000d\000\040\000F\000u\000t\000u\000r\000e\000\040\000W\000o\000r\000k}{section.6}% 54
\BOOKMARK [3][-]{subsubsection.6.4.1}{\376\377\000C\000u\000r\000r\000e\000n\000t\000\040\000L\000i\000m\000i\000t\000a\000t\000i\000o\000n\000s}{subsection.6.4}% 55
\BOOKMARK [3][-]{subsubsection.6.4.2}{\376\377\000F\000u\000t\000u\000r\000e\000\040\000R\000e\000s\000e\000a\000r\000c\000h\000\040\000D\000i\000r\000e\000c\000t\000i\000o\000n\000s}{subsection.6.4}% 56
\BOOKMARK [1][-]{section.7}{\376\377\000M\000o\000n\000i\000t\000o\000r\000i\000n\000g\000\040\000a\000n\000d\000\040\000M\000a\000i\000n\000t\000e\000n\000a\000n\000c\000e}{}% 57
\BOOKMARK [2][-]{subsection.7.1}{\376\377\000K\000e\000y\000\040\000P\000e\000r\000f\000o\000r\000m\000a\000n\000c\000e\000\040\000I\000n\000d\000i\000c\000a\000t\000o\000r\000s\000\040\000\050\000K\000P\000I\000s\000\051}{section.7}% 58
\BOOKMARK [3][-]{subsubsection.7.1.1}{\376\377\000M\000o\000d\000e\000l\000\040\000P\000e\000r\000f\000o\000r\000m\000a\000n\000c\000e\000\040\000K\000P\000I\000s}{subsection.7.1}% 59
\BOOKMARK [3][-]{subsubsection.7.1.2}{\376\377\000C\000l\000i\000n\000i\000c\000a\000l\000\040\000I\000m\000p\000a\000c\000t\000\040\000K\000P\000I\000s}{subsection.7.1}% 60
\BOOKMARK [3][-]{subsubsection.7.1.3}{\376\377\000S\000y\000s\000t\000e\000m\000\040\000P\000e\000r\000f\000o\000r\000m\000a\000n\000c\000e\000\040\000K\000P\000I\000s}{subsection.7.1}% 61
\BOOKMARK [2][-]{subsection.7.2}{\376\377\000M\000o\000n\000i\000t\000o\000r\000i\000n\000g\000\040\000P\000l\000a\000n\000s\000\040\000a\000n\000d\000\040\000D\000a\000s\000h\000b\000o\000a\000r\000d\000s}{section.7}% 62
\BOOKMARK [2][-]{subsection.7.3}{\376\377\000R\000i\000s\000k\000\040\000M\000a\000n\000a\000g\000e\000m\000e\000n\000t\000\040\000a\000n\000d\000\040\000C\000o\000n\000t\000i\000n\000g\000e\000n\000c\000y\000\040\000P\000l\000a\000n\000s}{section.7}% 63
\BOOKMARK [3][-]{subsubsection.7.3.1}{\376\377\000M\000o\000d\000e\000l\000\040\000P\000e\000r\000f\000o\000r\000m\000a\000n\000c\000e\000\040\000D\000e\000g\000r\000a\000d\000a\000t\000i\000o\000n}{subsection.7.3}% 64
\BOOKMARK [3][-]{subsubsection.7.3.2}{\376\377\000S\000y\000s\000t\000e\000m\000\040\000D\000o\000w\000n\000t\000i\000m\000e\000\040\000o\000r\000\040\000T\000e\000c\000h\000n\000i\000c\000a\000l\000\040\000F\000a\000i\000l\000u\000r\000e}{subsection.7.3}% 65
\BOOKMARK [3][-]{subsubsection.7.3.3}{\376\377\000D\000a\000t\000a\000\040\000Q\000u\000a\000l\000i\000t\000y\000\040\000I\000s\000s\000u\000e\000s}{subsection.7.3}% 66
\BOOKMARK [3][-]{subsubsection.7.3.4}{\376\377\000L\000o\000w\000\040\000P\000r\000o\000v\000i\000d\000e\000r\000\040\000A\000d\000o\000p\000t\000i\000o\000n}{subsection.7.3}% 67
\BOOKMARK [3][-]{subsubsection.7.3.5}{\376\377\000A\000l\000g\000o\000r\000i\000t\000h\000m\000i\000c\000\040\000B\000i\000a\000s\000\040\000o\000r\000\040\000F\000a\000i\000r\000n\000e\000s\000s\000\040\000I\000s\000s\000u\000e\000s}{subsection.7.3}% 68
\BOOKMARK [2][-]{subsection.7.4}{\376\377\000M\000a\000i\000n\000t\000e\000n\000a\000n\000c\000e\000\040\000a\000n\000d\000\040\000U\000p\000d\000a\000t\000e\000s}{section.7}% 69
\BOOKMARK [2][-]{subsection.7.5}{\376\377\000L\000e\000s\000s\000o\000n\000s\000\040\000L\000e\000a\000r\000n\000e\000d\000\040\000a\000n\000d\000\040\000F\000e\000e\000d\000b\000a\000c\000k}{section.7}% 70
\BOOKMARK [1][-]{section.8}{\376\377\000C\000o\000n\000c\000l\000u\000s\000i\000o\000n}{}% 71
\BOOKMARK [1][-]{section.9}{\376\377\000R\000e\000f\000e\000r\000e\000n\000c\000e\000s}{}% 72
\BOOKMARK [1][-]{section.10}{\376\377\000A\000p\000p\000e\000n\000d\000i\000c\000e\000s}{}% 73
\BOOKMARK [2][-]{subsection.10.1}{\376\377\000A\000p\000p\000e\000n\000d\000i\000x\000\040\000A\000:\000\040\000B\000i\000o\000m\000a\000r\000k\000e\000r\000\040\000R\000e\000f\000e\000r\000e\000n\000c\000e\000\040\000R\000a\000n\000g\000e\000s}{section.10}% 74
\BOOKMARK [2][-]{subsection.10.2}{\376\377\000A\000p\000p\000e\000n\000d\000i\000x\000\040\000B\000:\000\040\000F\000e\000a\000t\000u\000r\000e\000\040\000E\000n\000g\000i\000n\000e\000e\000r\000i\000n\000g\000\040\000F\000o\000r\000m\000u\000l\000a\000s}{section.10}% 75
\BOOKMARK [2][-]{subsection.10.3}{\376\377\000A\000p\000p\000e\000n\000d\000i\000x\000\040\000C\000:\000\040\000M\000o\000d\000e\000l\000\040\000H\000y\000p\000e\000r\000p\000a\000r\000a\000m\000e\000t\000e\000r\000s}{section.10}% 76
\BOOKMARK [2][-]{subsection.10.4}{\376\377\000A\000p\000p\000e\000n\000d\000i\000x\000\040\000D\000:\000\040\000C\000o\000d\000e\000\040\000R\000e\000p\000o\000s\000i\000t\000o\000r\000y\000\040\000S\000t\000r\000u\000c\000t\000u\000r\000e}{section.10}% 77
